This file contains any messages produced by compilers while
running configure, to aid debugging if configure makes a mistake.

It was created by libmemcached configure 0.31, which was
generated by GNU Autoconf 2.62.  Invocation command line was

  $ ./configure --prefix=/opt/local/

## --------- ##
## Platform. ##
## --------- ##

hostname = amber.local
uname -m = i386
uname -r = 9.7.0
uname -s = Darwin
uname -v = Darwin Kernel Version 9.7.0: Tue Mar 31 22:52:17 PDT 2009; root:xnu-1228.12.14~1/RELEASE_I386

/usr/bin/uname -p = i386
/bin/uname -X     = unknown

/bin/arch              = unknown
/usr/bin/arch -k       = unknown
/usr/convex/getsysinfo = unknown
/usr/bin/hostinfo      = Mach kernel version:
	 Darwin Kernel Version 9.7.0: Tue Mar 31 22:52:17 PDT 2009; root:xnu-1228.12.14~1/RELEASE_I386
Kernel configured for up to 2 processors.
2 processors are physically available.
2 processors are logically available.
Processor type: i486 (Intel 80486)
Processors active: 0 1
Primary memory available: 4.00 gigabytes
Default processor set: 104 tasks, 411 threads, 2 processors
Load average: 0.52, Mach factor: 1.56
/bin/machine           = unknown
/usr/bin/oslevel       = unknown
/bin/universe          = unknown

PATH: /Users/eweaver/bin
PATH: /Users/eweaver/p/vendor/soylatte16-i386-1.0.2/bin
PATH: /System/Library/Frameworks/JavaVM.framework/Versions/1.6/Home/bin
PATH: /opt/local/lib/ruby/site_ruby/bin
PATH: /opt/local/lib/ruby/gems/1.8/bin
PATH: /opt/matlab/bin
PATH: /opt/matlab/etc
PATH: /opt/matlab/etc/maci
PATH: /opt/matlab/etc/util
PATH: /opt/local/bin
PATH: /bin
PATH: /sbin
PATH: /usr/bin
PATH: /usr/sbin
PATH: /opt/local/lib/postgresql82/bin
PATH: /opt/local/lib/mysql5/bin/
PATH: /opt/local/jruby/bin
PATH: /opt/godi/bin
PATH: /opt/godi/sbin
PATH: /usr/bin
PATH: /bin
PATH: /usr/sbin
PATH: /sbin
PATH: /usr/local/bin
PATH: /usr/X11/bin
PATH: /usr/local/bin
PATH: /Users/eweaver/p/vendor/jruby-1.1.5/bin


## ----------- ##
## Core tests. ##
## ----------- ##

configure:2166: checking build system type
configure:2184: result: i386-apple-darwin9.7.0
configure:2206: checking host system type
configure:2221: result: i386-apple-darwin9.7.0
configure:2259: checking for a BSD-compatible install
configure:2327: result: /usr/bin/install -c
configure:2338: checking whether build environment is sane
configure:2381: result: yes
configure:2406: checking for a thread-safe mkdir -p
configure:2445: result: config/install-sh -c -d
configure:2458: checking for gawk
configure:2474: found /opt/local/bin/gawk
configure:2485: result: gawk
configure:2496: checking whether make sets $(MAKE)
configure:2518: result: yes
configure:2548: checking for style of include used by make
configure:2576: result: GNU
configure:2646: checking for gcc
configure:2662: found /usr/bin/gcc
configure:2673: result: gcc
configure:2911: checking for C compiler version
configure:2919: gcc --version >&5
i686-apple-darwin9-gcc-4.0.1 (GCC) 4.0.1 (Apple Inc. build 5490)
Copyright (C) 2005 Free Software Foundation, Inc.
This is free software; see the source for copying conditions.  There is NO
warranty; not even for MERCHANTABILITY or FITNESS FOR A PARTICULAR PURPOSE.

configure:2923: $? = 0
configure:2930: gcc -v >&5
Using built-in specs.
Target: i686-apple-darwin9
Configured with: /var/tmp/gcc/gcc-5490~1/src/configure --disable-checking -enable-werror --prefix=/usr --mandir=/share/man --enable-languages=c,objc,c++,obj-c++ --program-transform-name=/^[cg][^.-]*$/s/$/-4.0/ --with-gxx-include-dir=/include/c++/4.0.0 --with-slibdir=/usr/lib --build=i686-apple-darwin9 --with-arch=apple --with-tune=generic --host=i686-apple-darwin9 --target=i686-apple-darwin9
Thread model: posix
gcc version 4.0.1 (Apple Inc. build 5490)
configure:2934: $? = 0
configure:2941: gcc -V >&5
gcc-4.0: argument to `-V' is missing
configure:2945: $? = 1
configure:2968: checking for C compiler default output file name
configure:2990: gcc    conftest.c  >&5
configure:2994: $? = 0
configure:3032: result: a.out
configure:3049: checking whether the C compiler works
configure:3059: ./a.out
configure:3063: $? = 0
configure:3080: result: yes
configure:3087: checking whether we are cross compiling
configure:3089: result: no
configure:3092: checking for suffix of executables
configure:3099: gcc -o conftest    conftest.c  >&5
configure:3103: $? = 0
configure:3127: result: 
configure:3133: checking for suffix of object files
configure:3159: gcc -c   conftest.c >&5
configure:3163: $? = 0
configure:3186: result: o
configure:3190: checking whether we are using the GNU C compiler
configure:3219: gcc -c   conftest.c >&5
configure:3226: $? = 0
configure:3243: result: yes
configure:3252: checking whether gcc accepts -g
configure:3282: gcc -c -g  conftest.c >&5
configure:3289: $? = 0
configure:3390: result: yes
configure:3407: checking for gcc option to accept ISO C89
configure:3481: gcc  -c -g -O2  conftest.c >&5
configure:3488: $? = 0
configure:3511: result: none needed
configure:3531: checking dependency style of gcc
configure:3622: result: gcc3
configure:3657: checking whether /usr/bin/gcc-4.2 and cc understand -c and -o together
configure:3692: /usr/bin/gcc-4.2 -c conftest.c -o conftest2.o >&5
configure:3696: $? = 0
configure:3702: /usr/bin/gcc-4.2 -c conftest.c -o conftest2.o >&5
configure:3706: $? = 0
configure:3717: cc -c conftest.c >&5
configure:3721: $? = 0
configure:3729: cc -c conftest.c -o conftest2.o >&5
configure:3733: $? = 0
configure:3739: cc -c conftest.c -o conftest2.o >&5
configure:3743: $? = 0
configure:3761: result: yes
configure:3775: checking for grep that handles long lines and -e
configure:3835: result: /usr/bin/grep
configure:3840: checking for egrep
configure:3904: result: /usr/bin/grep -E
configure:3909: checking for ANSI C header files
configure:3939: /usr/bin/gcc-4.2 -c -g -O2  conftest.c >&5
configure:3946: $? = 0
configure:4045: /usr/bin/gcc-4.2 -o conftest -g -O2   conftest.c  >&5
configure:4049: $? = 0
configure:4055: ./conftest
configure:4059: $? = 0
configure:4077: result: yes
configure:4101: checking for sys/types.h
configure:4122: /usr/bin/gcc-4.2 -c -g -O2  conftest.c >&5
configure:4129: $? = 0
configure:4146: result: yes
configure:4101: checking for sys/stat.h
configure:4122: /usr/bin/gcc-4.2 -c -g -O2  conftest.c >&5
configure:4129: $? = 0
configure:4146: result: yes
configure:4101: checking for stdlib.h
configure:4122: /usr/bin/gcc-4.2 -c -g -O2  conftest.c >&5
configure:4129: $? = 0
configure:4146: result: yes
configure:4101: checking for string.h
configure:4122: /usr/bin/gcc-4.2 -c -g -O2  conftest.c >&5
configure:4129: $? = 0
configure:4146: result: yes
configure:4101: checking for memory.h
configure:4122: /usr/bin/gcc-4.2 -c -g -O2  conftest.c >&5
configure:4129: $? = 0
configure:4146: result: yes
configure:4101: checking for strings.h
configure:4122: /usr/bin/gcc-4.2 -c -g -O2  conftest.c >&5
configure:4129: $? = 0
configure:4146: result: yes
configure:4101: checking for inttypes.h
configure:4122: /usr/bin/gcc-4.2 -c -g -O2  conftest.c >&5
configure:4129: $? = 0
configure:4146: result: yes
configure:4101: checking for stdint.h
configure:4122: /usr/bin/gcc-4.2 -c -g -O2  conftest.c >&5
configure:4129: $? = 0
configure:4146: result: yes
configure:4101: checking for unistd.h
configure:4122: /usr/bin/gcc-4.2 -c -g -O2  conftest.c >&5
configure:4129: $? = 0
configure:4146: result: yes
configure:4172: checking minix/config.h usability
configure:4189: /usr/bin/gcc-4.2 -c -g -O2  conftest.c >&5
conftest.c:51:26: error: minix/config.h: No such file or directory
configure:4196: $? = 1
configure: failed program was:
| /* confdefs.h.  */
| #define PACKAGE_NAME "libmemcached"
| #define PACKAGE_TARNAME "libmemcached"
| #define PACKAGE_VERSION "0.31"
| #define PACKAGE_STRING "libmemcached 0.31"
| #define PACKAGE_BUGREPORT "http://tangent.org/552/libmemcached.html"
| #define STDC_HEADERS 1
| #define HAVE_SYS_TYPES_H 1
| #define HAVE_SYS_STAT_H 1
| #define HAVE_STDLIB_H 1
| #define HAVE_STRING_H 1
| #define HAVE_MEMORY_H 1
| #define HAVE_STRINGS_H 1
| #define HAVE_INTTYPES_H 1
| #define HAVE_STDINT_H 1
| #define HAVE_UNISTD_H 1
| /* end confdefs.h.  */
| #include <stdio.h>
| #ifdef HAVE_SYS_TYPES_H
| # include <sys/types.h>
| #endif
| #ifdef HAVE_SYS_STAT_H
| # include <sys/stat.h>
| #endif
| #ifdef STDC_HEADERS
| # include <stdlib.h>
| # include <stddef.h>
| #else
| # ifdef HAVE_STDLIB_H
| #  include <stdlib.h>
| # endif
| #endif
| #ifdef HAVE_STRING_H
| # if !defined STDC_HEADERS && defined HAVE_MEMORY_H
| #  include <memory.h>
| # endif
| # include <string.h>
| #endif
| #ifdef HAVE_STRINGS_H
| # include <strings.h>
| #endif
| #ifdef HAVE_INTTYPES_H
| # include <inttypes.h>
| #endif
| #ifdef HAVE_STDINT_H
| # include <stdint.h>
| #endif
| #ifdef HAVE_UNISTD_H
| # include <unistd.h>
| #endif
| #include <minix/config.h>
configure:4210: result: no
configure:4214: checking minix/config.h presence
configure:4229: /usr/bin/gcc-4.2 -E  conftest.c
conftest.c:18:26: error: minix/config.h: No such file or directory
configure:4236: $? = 1
configure: failed program was:
| /* confdefs.h.  */
| #define PACKAGE_NAME "libmemcached"
| #define PACKAGE_TARNAME "libmemcached"
| #define PACKAGE_VERSION "0.31"
| #define PACKAGE_STRING "libmemcached 0.31"
| #define PACKAGE_BUGREPORT "http://tangent.org/552/libmemcached.html"
| #define STDC_HEADERS 1
| #define HAVE_SYS_TYPES_H 1
| #define HAVE_SYS_STAT_H 1
| #define HAVE_STDLIB_H 1
| #define HAVE_STRING_H 1
| #define HAVE_MEMORY_H 1
| #define HAVE_STRINGS_H 1
| #define HAVE_INTTYPES_H 1
| #define HAVE_STDINT_H 1
| #define HAVE_UNISTD_H 1
| /* end confdefs.h.  */
| #include <minix/config.h>
configure:4250: result: no
configure:4283: checking for minix/config.h
configure:4290: result: no
configure:4331: checking whether it is safe to define __EXTENSIONS__
configure:4359: /usr/bin/gcc-4.2 -c -g -O2  conftest.c >&5
configure:4366: $? = 0
configure:4381: result: yes
configure:4477: checking for a sed that does not truncate output
configure:4533: result: /opt/local/bin/gsed
configure:4547: checking for ld used by /usr/bin/gcc-4.2
configure:4614: result: /usr/libexec/gcc/i686-apple-darwin9/4.2.1/ld
configure:4623: checking if the linker (/usr/libexec/gcc/i686-apple-darwin9/4.2.1/ld) is GNU ld
configure:4638: result: no
configure:4643: checking for /usr/libexec/gcc/i686-apple-darwin9/4.2.1/ld option to reload object files
configure:4650: result: -r
configure:4668: checking for BSD-compatible nm
configure:4717: result: /usr/bin/nm -p
configure:4721: checking whether ln -s works
configure:4725: result: yes
configure:4732: checking how to recognize dependent libraries
configure:4918: result: pass_all
configure:5177: checking dlfcn.h usability
configure:5194: /usr/bin/gcc-4.2 -c -g -O2  conftest.c >&5
configure:5201: $? = 0
configure:5215: result: yes
configure:5219: checking dlfcn.h presence
configure:5234: /usr/bin/gcc-4.2 -E  conftest.c
configure:5241: $? = 0
configure:5255: result: yes
configure:5288: checking for dlfcn.h
configure:5297: result: yes
configure:5321: checking how to run the C++ preprocessor
configure:5357: /usr/bin/g++-4.2 -E  conftest.cpp
configure:5364: $? = 0
configure:5395: /usr/bin/g++-4.2 -E  conftest.cpp
conftest.cpp:24:28: error: ac_nonexistent.h: No such file or directory
configure:5402: $? = 1
configure: failed program was:
| /* confdefs.h.  */
| #define PACKAGE_NAME "libmemcached"
| #define PACKAGE_TARNAME "libmemcached"
| #define PACKAGE_VERSION "0.31"
| #define PACKAGE_STRING "libmemcached 0.31"
| #define PACKAGE_BUGREPORT "http://tangent.org/552/libmemcached.html"
| #define STDC_HEADERS 1
| #define HAVE_SYS_TYPES_H 1
| #define HAVE_SYS_STAT_H 1
| #define HAVE_STDLIB_H 1
| #define HAVE_STRING_H 1
| #define HAVE_MEMORY_H 1
| #define HAVE_STRINGS_H 1
| #define HAVE_INTTYPES_H 1
| #define HAVE_STDINT_H 1
| #define HAVE_UNISTD_H 1
| #define __EXTENSIONS__ 1
| #define _ALL_SOURCE 1
| #define _GNU_SOURCE 1
| #define _POSIX_PTHREAD_SEMANTICS 1
| #define _TANDEM_SOURCE 1
| #define HAVE_DLFCN_H 1
| /* end confdefs.h.  */
| #include <ac_nonexistent.h>
configure:5435: result: /usr/bin/g++-4.2 -E
configure:5464: /usr/bin/g++-4.2 -E  conftest.cpp
configure:5471: $? = 0
configure:5502: /usr/bin/g++-4.2 -E  conftest.cpp
conftest.cpp:24:28: error: ac_nonexistent.h: No such file or directory
configure:5509: $? = 1
configure: failed program was:
| /* confdefs.h.  */
| #define PACKAGE_NAME "libmemcached"
| #define PACKAGE_TARNAME "libmemcached"
| #define PACKAGE_VERSION "0.31"
| #define PACKAGE_STRING "libmemcached 0.31"
| #define PACKAGE_BUGREPORT "http://tangent.org/552/libmemcached.html"
| #define STDC_HEADERS 1
| #define HAVE_SYS_TYPES_H 1
| #define HAVE_SYS_STAT_H 1
| #define HAVE_STDLIB_H 1
| #define HAVE_STRING_H 1
| #define HAVE_MEMORY_H 1
| #define HAVE_STRINGS_H 1
| #define HAVE_INTTYPES_H 1
| #define HAVE_STDINT_H 1
| #define HAVE_UNISTD_H 1
| #define __EXTENSIONS__ 1
| #define _ALL_SOURCE 1
| #define _GNU_SOURCE 1
| #define _POSIX_PTHREAD_SEMANTICS 1
| #define _TANDEM_SOURCE 1
| #define HAVE_DLFCN_H 1
| /* end confdefs.h.  */
| #include <ac_nonexistent.h>
configure:5602: checking for g77
configure:5632: result: no
configure:5602: checking for xlf
configure:5632: result: no
configure:5602: checking for f77
configure:5632: result: no
configure:5602: checking for frt
configure:5632: result: no
configure:5602: checking for pgf77
configure:5632: result: no
configure:5602: checking for cf77
configure:5632: result: no
configure:5602: checking for fort77
configure:5632: result: no
configure:5602: checking for fl32
configure:5632: result: no
configure:5602: checking for af77
configure:5632: result: no
configure:5602: checking for xlf90
configure:5632: result: no
configure:5602: checking for f90
configure:5632: result: no
configure:5602: checking for pgf90
configure:5632: result: no
configure:5602: checking for pghpf
configure:5632: result: no
configure:5602: checking for epcf90
configure:5632: result: no
configure:5602: checking for gfortran
configure:5632: result: no
configure:5602: checking for g95
configure:5632: result: no
configure:5602: checking for xlf95
configure:5632: result: no
configure:5602: checking for f95
configure:5632: result: no
configure:5602: checking for fort
configure:5632: result: no
configure:5602: checking for ifort
configure:5632: result: no
configure:5602: checking for ifc
configure:5632: result: no
configure:5602: checking for efc
configure:5632: result: no
configure:5602: checking for pgf95
configure:5632: result: no
configure:5602: checking for lf95
configure:5632: result: no
configure:5602: checking for ftn
configure:5632: result: no
configure:5659: checking for Fortran 77 compiler version
configure:5667:  --version >&5
./configure: line 5669: --version: command not found
configure:5671: $? = 127
configure:5678:  -v >&5
./configure: line 5680: -v: command not found
configure:5682: $? = 127
configure:5689:  -V >&5
./configure: line 5691: -V: command not found
configure:5693: $? = 127
configure:5701: checking whether we are using the GNU Fortran 77 compiler
configure:5720:  -c  conftest.F >&5
./configure: line 5722: -c: command not found
configure:5727: $? = 127
configure: failed program was:
|       program main
| #ifndef __GNUC__
|        choke me
| #endif
| 
|       end
configure:5744: result: no
configure:5750: checking whether  accepts -g
configure:5767:  -c -g conftest.f >&5
./configure: line 5769: -c: command not found
configure:5774: $? = 127
configure: failed program was:
|       program main
| 
|       end
configure:5790: result: no
configure:5823: checking the maximum length of command line arguments
configure:5935: result: 196608
configure:5947: checking command to parse /usr/bin/nm -p output from /usr/bin/gcc-4.2 object
configure:6052: /usr/bin/gcc-4.2 -c -g -O2  conftest.c >&5
configure:6055: $? = 0
configure:6059: /usr/bin/nm -p conftest.o \| sed -n -e 's/^.*[ 	]\([BCDEGRST][BCDEGRST]*\)[ 	][ 	]*\([_A-Za-z][_A-Za-z0-9]*\)$/\1 \2 \2/p' \> conftest.nm
configure:6062: $? = 0
cannot find nm_test_var in conftest.nm
configure:6052: /usr/bin/gcc-4.2 -c -g -O2  conftest.c >&5
configure:6055: $? = 0
configure:6059: /usr/bin/nm -p conftest.o \| sed -n -e 's/^.*[ 	]\([BCDEGRST][BCDEGRST]*\)[ 	][ 	]*_\([_A-Za-z][_A-Za-z0-9]*\)$/\1 _\2 \2/p' \> conftest.nm
configure:6062: $? = 0
configure:6114: /usr/bin/gcc-4.2 -o conftest -g -O2   conftest.c conftstm.o >&5
configure:6117: $? = 0
configure:6155: result: ok
configure:6159: checking for objdir
configure:6174: result: .libs
configure:6266: checking for ar
configure:6282: found /usr/bin/ar
configure:6293: result: ar
configure:6362: checking for ranlib
configure:6378: found /usr/bin/ranlib
configure:6389: result: ranlib
configure:6458: checking for strip
configure:6474: found /usr/bin/strip
configure:6485: result: strip
configure:6742: checking for dsymutil
configure:6758: found /usr/bin/dsymutil
configure:6769: result: dsymutil
configure:6838: checking for nmedit
configure:6854: found /usr/bin/nmedit
configure:6865: result: nmedit
configure:6892: checking for -single_module linker flag
configure:6913: result: yes
configure:6915: checking for -exported_symbols_list linker flag
configure:6945: /usr/bin/gcc-4.2 -o conftest -g -O2   -Wl,-exported_symbols_list,conftest.sym conftest.c  >&5
configure:6952: $? = 0
configure:6974: result: yes
configure:7087: checking if /usr/bin/gcc-4.2 supports -fno-rtti -fno-exceptions
configure:7105: /usr/bin/gcc-4.2 -c -g -O2  -fno-rtti -fno-exceptions conftest.c >&5
cc1: warning: command line option "-fno-rtti" is valid for C++/ObjC++ but not for C
configure:7109: $? = 0
configure:7122: result: no
configure:7137: checking for /usr/bin/gcc-4.2 option to produce PIC
configure:7369: result: -fno-common
configure:7377: checking if /usr/bin/gcc-4.2 PIC flag -fno-common works
configure:7395: /usr/bin/gcc-4.2 -c -g -O2  -fno-common -DPIC conftest.c >&5
configure:7399: $? = 0
configure:7412: result: yes
configure:7440: checking if /usr/bin/gcc-4.2 static flag -static works
configure:7468: result: no
configure:7478: checking if /usr/bin/gcc-4.2 supports -c -o file.o
configure:7499: /usr/bin/gcc-4.2 -c -g -O2  -o out/conftest2.o conftest.c >&5
configure:7503: $? = 0
configure:7525: result: yes
configure:7551: checking whether the /usr/bin/gcc-4.2 linker (/usr/libexec/gcc/i686-apple-darwin9/4.2.1/ld) supports shared libraries
configure:8521: result: yes
configure:8588: checking dynamic linker characteristics
configure:9190: result: darwin9.7.0 dyld
configure:9214: checking how to hardcode library paths into programs
configure:9239: result: immediate
configure:9253: checking whether stripping libraries is possible
configure:9267: result: yes
configure:10088: checking if libtool supports shared libraries
configure:10090: result: yes
configure:10093: checking whether to build shared libraries
configure:10114: result: yes
configure:10117: checking whether to build static libraries
configure:10121: result: yes
configure:10215: creating libtool
configure:10950: checking whether the /usr/bin/g++-4.2 linker (/usr/libexec/gcc/i686-apple-darwin9/4.2.1/ld) supports shared libraries
configure:11904: result: no
configure:11921: /usr/bin/g++-4.2 -c   conftest.cpp >&5
configure:11924: $? = 0
configure:12080: checking for /usr/bin/g++-4.2 option to produce PIC
configure:12364: result: 
configure:12435: checking if /usr/bin/g++-4.2 static flag  works
configure:12463: result: yes
configure:12473: checking if /usr/bin/g++-4.2 supports -c -o file.o
configure:12494: /usr/bin/g++-4.2 -c   -o out/conftest2.o conftest.cpp >&5
configure:12498: $? = 0
configure:12520: result: yes
configure:12546: checking whether the /usr/bin/g++-4.2 linker (/usr/libexec/gcc/i686-apple-darwin9/4.2.1/ld) supports shared libraries
configure:12572: result: no
configure:12639: checking dynamic linker characteristics
configure:13189: result: darwin9.7.0 dyld
configure:13213: checking how to hardcode library paths into programs
configure:13238: result: immediate
configure:19440: checking if g++ supports C++0x features without additional flags
configure:19487: /usr/bin/g++-4.2 -c   conftest.cpp >&5
conftest.cpp:28: error: expected identifier before 'sizeof'
conftest.cpp:28: error: expected ',' or '...' before 'sizeof'
conftest.cpp:28: error: ISO C++ forbids declaration of 'static_assert' with no type
conftest.cpp:31: error: '>>' should be '> >' within a nested template argument list
conftest.cpp:34: error: expected constructor, destructor, or type conversion before '(' token
conftest.cpp:38: error: expected unqualified-id before '&&' token
configure:19494: $? = 1
configure: failed program was:
| /* confdefs.h.  */
| #define PACKAGE_NAME "libmemcached"
| #define PACKAGE_TARNAME "libmemcached"
| #define PACKAGE_VERSION "0.31"
| #define PACKAGE_STRING "libmemcached 0.31"
| #define PACKAGE_BUGREPORT "http://tangent.org/552/libmemcached.html"
| #define STDC_HEADERS 1
| #define HAVE_SYS_TYPES_H 1
| #define HAVE_SYS_STAT_H 1
| #define HAVE_STDLIB_H 1
| #define HAVE_STRING_H 1
| #define HAVE_MEMORY_H 1
| #define HAVE_STRINGS_H 1
| #define HAVE_INTTYPES_H 1
| #define HAVE_STDINT_H 1
| #define HAVE_UNISTD_H 1
| #define __EXTENSIONS__ 1
| #define _ALL_SOURCE 1
| #define _GNU_SOURCE 1
| #define _POSIX_PTHREAD_SEMANTICS 1
| #define _TANDEM_SOURCE 1
| #define HAVE_DLFCN_H 1
| /* end confdefs.h.  */
| 
|   template <typename T>
|     struct check
|     {
|       static_assert(sizeof(int) <= sizeof(T), "not big enough");
|     };
| 
|     typedef check<check<bool>> right_angle_brackets;
| 
|     int a;
|     decltype(a) b;
| 
|     typedef check<int> check_type;
|     check_type c;
|     check_type&& cr = c;
| int
| main ()
| {
| 
|   ;
|   return 0;
| }
configure:19516: result: no
configure:19519: checking if g++ supports C++0x features with -std=c++0x
configure:19568: /usr/bin/g++-4.2 -c  -std=c++0x  conftest.cpp >&5
cc1plus: error: unrecognized command line option "-std=c++0x"
configure:19575: $? = 1
configure: failed program was:
| /* confdefs.h.  */
| #define PACKAGE_NAME "libmemcached"
| #define PACKAGE_TARNAME "libmemcached"
| #define PACKAGE_VERSION "0.31"
| #define PACKAGE_STRING "libmemcached 0.31"
| #define PACKAGE_BUGREPORT "http://tangent.org/552/libmemcached.html"
| #define STDC_HEADERS 1
| #define HAVE_SYS_TYPES_H 1
| #define HAVE_SYS_STAT_H 1
| #define HAVE_STDLIB_H 1
| #define HAVE_STRING_H 1
| #define HAVE_MEMORY_H 1
| #define HAVE_STRINGS_H 1
| #define HAVE_INTTYPES_H 1
| #define HAVE_STDINT_H 1
| #define HAVE_UNISTD_H 1
| #define __EXTENSIONS__ 1
| #define _ALL_SOURCE 1
| #define _GNU_SOURCE 1
| #define _POSIX_PTHREAD_SEMANTICS 1
| #define _TANDEM_SOURCE 1
| #define HAVE_DLFCN_H 1
| /* end confdefs.h.  */
| 
|   template <typename T>
|     struct check
|     {
|       static_assert(sizeof(int) <= sizeof(T), "not big enough");
|     };
| 
|     typedef check<check<bool>> right_angle_brackets;
| 
|     int a;
|     decltype(a) b;
| 
|     typedef check<int> check_type;
|     check_type c;
|     check_type&& cr = c;
| int
| main ()
| {
| 
|   ;
|   return 0;
| }
configure:19598: result: no
configure:19601: checking if g++ supports C++0x features with -std=gnu++0x
configure:19650: /usr/bin/g++-4.2 -c  -std=gnu++0x  conftest.cpp >&5
cc1plus: error: unrecognized command line option "-std=gnu++0x"
configure:19657: $? = 1
configure: failed program was:
| /* confdefs.h.  */
| #define PACKAGE_NAME "libmemcached"
| #define PACKAGE_TARNAME "libmemcached"
| #define PACKAGE_VERSION "0.31"
| #define PACKAGE_STRING "libmemcached 0.31"
| #define PACKAGE_BUGREPORT "http://tangent.org/552/libmemcached.html"
| #define STDC_HEADERS 1
| #define HAVE_SYS_TYPES_H 1
| #define HAVE_SYS_STAT_H 1
| #define HAVE_STDLIB_H 1
| #define HAVE_STRING_H 1
| #define HAVE_MEMORY_H 1
| #define HAVE_STRINGS_H 1
| #define HAVE_INTTYPES_H 1
| #define HAVE_STDINT_H 1
| #define HAVE_UNISTD_H 1
| #define __EXTENSIONS__ 1
| #define _ALL_SOURCE 1
| #define _GNU_SOURCE 1
| #define _POSIX_PTHREAD_SEMANTICS 1
| #define _TANDEM_SOURCE 1
| #define HAVE_DLFCN_H 1
| /* end confdefs.h.  */
| 
|   template <typename T>
|     struct check
|     {
|       static_assert(sizeof(int) <= sizeof(T), "not big enough");
|     };
| 
|     typedef check<check<bool>> right_angle_brackets;
| 
|     int a;
|     decltype(a) b;
| 
|     typedef check<int> check_type;
|     check_type c;
|     check_type&& cr = c;
| int
| main ()
| {
| 
|   ;
|   return 0;
| }
configure:19680: result: no
configure:19862: checking for stdlib.h
configure:19869: result: yes
configure:20007: checking for GNU libc compatible malloc
configure:20041: /usr/bin/gcc-4.2 -o conftest -g -O2   conftest.c  >&5
configure:20045: $? = 0
configure:20051: ./conftest
configure:20055: $? = 0
configure:20072: result: yes
configure:20105: checking for stdlib.h
configure:20112: result: yes
configure:20250: checking for GNU libc compatible realloc
configure:20284: /usr/bin/gcc-4.2 -o conftest -g -O2   conftest.c  >&5
configure:20288: $? = 0
configure:20294: ./conftest
configure:20298: $? = 0
configure:20315: result: yes
configure:20366: checking target system type
configure:20381: result: i386-apple-darwin9.7.0
configure:20702: checking for C++ compiler version
configure:20710: /usr/bin/g++-4.2 --version >&5
i686-apple-darwin9-g++-4.2.1 (GCC) 4.2.1 (Apple Inc. build 5566)
Copyright (C) 2007 Free Software Foundation, Inc.
This is free software; see the source for copying conditions.  There is NO
warranty; not even for MERCHANTABILITY or FITNESS FOR A PARTICULAR PURPOSE.

configure:20714: $? = 0
configure:20721: /usr/bin/g++-4.2 -v >&5
Using built-in specs.
Target: i686-apple-darwin9
Configured with: /var/tmp/gcc_42/gcc_42-5566~1/src/configure --disable-checking --enable-werror --prefix=/usr --mandir=/usr/share/man --enable-languages=c,objc,c++,obj-c++ --program-transform-name=/^[cg][^.-]*$/s/$/-4.2/ --with-slibdir=/usr/lib --build=i686-apple-darwin9 --with-gxx-include-dir=/usr/include/c++/4.0.0 --host=i686-apple-darwin9 --target=i686-apple-darwin9
Thread model: posix
gcc version 4.2.1 (Apple Inc. build 5566)
configure:20725: $? = 0
configure:20732: /usr/bin/g++-4.2 -V >&5
g++-4.2: argument to `-V' is missing
configure:20736: $? = 1
configure:20739: checking whether we are using the GNU C++ compiler
configure:20768: /usr/bin/g++-4.2 -c   conftest.cpp >&5
configure:20775: $? = 0
configure:20792: result: yes
configure:20801: checking whether /usr/bin/g++-4.2 accepts -g
configure:20831: /usr/bin/g++-4.2 -c -g  conftest.cpp >&5
configure:20838: $? = 0
configure:20939: result: yes
configure:20964: checking dependency style of /usr/bin/g++-4.2
configure:21055: result: gcc3
configure:21075: checking how to run the C preprocessor
configure:21193: result: /usr/bin/gcc-4.2 -E
configure:21222: /usr/bin/gcc-4.2 -E  conftest.c
configure:21229: $? = 0
configure:21260: /usr/bin/gcc-4.2 -E  conftest.c
conftest.c:30:28: error: ac_nonexistent.h: No such file or directory
configure:21267: $? = 1
configure: failed program was:
| /* confdefs.h.  */
| #define PACKAGE_NAME "libmemcached"
| #define PACKAGE_TARNAME "libmemcached"
| #define PACKAGE_VERSION "0.31"
| #define PACKAGE_STRING "libmemcached 0.31"
| #define PACKAGE_BUGREPORT "http://tangent.org/552/libmemcached.html"
| #define STDC_HEADERS 1
| #define HAVE_SYS_TYPES_H 1
| #define HAVE_SYS_STAT_H 1
| #define HAVE_STDLIB_H 1
| #define HAVE_STRING_H 1
| #define HAVE_MEMORY_H 1
| #define HAVE_STRINGS_H 1
| #define HAVE_INTTYPES_H 1
| #define HAVE_STDINT_H 1
| #define HAVE_UNISTD_H 1
| #define __EXTENSIONS__ 1
| #define _ALL_SOURCE 1
| #define _GNU_SOURCE 1
| #define _POSIX_PTHREAD_SEMANTICS 1
| #define _TANDEM_SOURCE 1
| #define HAVE_DLFCN_H 1
| #define HAVE_STDLIB_H 1
| #define HAVE_MALLOC 1
| #define HAVE_STDLIB_H 1
| #define HAVE_REALLOC 1
| #define PACKAGE "libmemcached"
| #define VERSION "0.31"
| /* end confdefs.h.  */
| #include <ac_nonexistent.h>
configure:21322: checking whether __SUNPRO_C is declared
configure:21351: /usr/bin/gcc-4.2 -c   conftest.c >&5
conftest.c: In function 'main':
conftest.c:67: error: '__SUNPRO_C' undeclared (first use in this function)
conftest.c:67: error: (Each undeclared identifier is reported only once
conftest.c:67: error: for each function it appears in.)
configure:21358: $? = 1
configure: failed program was:
| /* confdefs.h.  */
| #define PACKAGE_NAME "libmemcached"
| #define PACKAGE_TARNAME "libmemcached"
| #define PACKAGE_VERSION "0.31"
| #define PACKAGE_STRING "libmemcached 0.31"
| #define PACKAGE_BUGREPORT "http://tangent.org/552/libmemcached.html"
| #define STDC_HEADERS 1
| #define HAVE_SYS_TYPES_H 1
| #define HAVE_SYS_STAT_H 1
| #define HAVE_STDLIB_H 1
| #define HAVE_STRING_H 1
| #define HAVE_MEMORY_H 1
| #define HAVE_STRINGS_H 1
| #define HAVE_INTTYPES_H 1
| #define HAVE_STDINT_H 1
| #define HAVE_UNISTD_H 1
| #define __EXTENSIONS__ 1
| #define _ALL_SOURCE 1
| #define _GNU_SOURCE 1
| #define _POSIX_PTHREAD_SEMANTICS 1
| #define _TANDEM_SOURCE 1
| #define HAVE_DLFCN_H 1
| #define HAVE_STDLIB_H 1
| #define HAVE_MALLOC 1
| #define HAVE_STDLIB_H 1
| #define HAVE_REALLOC 1
| #define PACKAGE "libmemcached"
| #define VERSION "0.31"
| /* end confdefs.h.  */
| #include <stdio.h>
| #ifdef HAVE_SYS_TYPES_H
| # include <sys/types.h>
| #endif
| #ifdef HAVE_SYS_STAT_H
| # include <sys/stat.h>
| #endif
| #ifdef STDC_HEADERS
| # include <stdlib.h>
| # include <stddef.h>
| #else
| # ifdef HAVE_STDLIB_H
| #  include <stdlib.h>
| # endif
| #endif
| #ifdef HAVE_STRING_H
| # if !defined STDC_HEADERS && defined HAVE_MEMORY_H
| #  include <memory.h>
| # endif
| # include <string.h>
| #endif
| #ifdef HAVE_STRINGS_H
| # include <strings.h>
| #endif
| #ifdef HAVE_INTTYPES_H
| # include <inttypes.h>
| #endif
| #ifdef HAVE_STDINT_H
| # include <stdint.h>
| #endif
| #ifdef HAVE_UNISTD_H
| # include <unistd.h>
| #endif
| int
| main ()
| {
| #ifndef __SUNPRO_C
|   (void) __SUNPRO_C;
| #endif
| 
|   ;
|   return 0;
| }
configure:21373: result: no
configure:21381: checking whether __ICC is declared
configure:21410: /usr/bin/gcc-4.2 -c   conftest.c >&5
conftest.c: In function 'main':
conftest.c:67: error: '__ICC' undeclared (first use in this function)
conftest.c:67: error: (Each undeclared identifier is reported only once
conftest.c:67: error: for each function it appears in.)
configure:21417: $? = 1
configure: failed program was:
| /* confdefs.h.  */
| #define PACKAGE_NAME "libmemcached"
| #define PACKAGE_TARNAME "libmemcached"
| #define PACKAGE_VERSION "0.31"
| #define PACKAGE_STRING "libmemcached 0.31"
| #define PACKAGE_BUGREPORT "http://tangent.org/552/libmemcached.html"
| #define STDC_HEADERS 1
| #define HAVE_SYS_TYPES_H 1
| #define HAVE_SYS_STAT_H 1
| #define HAVE_STDLIB_H 1
| #define HAVE_STRING_H 1
| #define HAVE_MEMORY_H 1
| #define HAVE_STRINGS_H 1
| #define HAVE_INTTYPES_H 1
| #define HAVE_STDINT_H 1
| #define HAVE_UNISTD_H 1
| #define __EXTENSIONS__ 1
| #define _ALL_SOURCE 1
| #define _GNU_SOURCE 1
| #define _POSIX_PTHREAD_SEMANTICS 1
| #define _TANDEM_SOURCE 1
| #define HAVE_DLFCN_H 1
| #define HAVE_STDLIB_H 1
| #define HAVE_MALLOC 1
| #define HAVE_STDLIB_H 1
| #define HAVE_REALLOC 1
| #define PACKAGE "libmemcached"
| #define VERSION "0.31"
| /* end confdefs.h.  */
| #include <stdio.h>
| #ifdef HAVE_SYS_TYPES_H
| # include <sys/types.h>
| #endif
| #ifdef HAVE_SYS_STAT_H
| # include <sys/stat.h>
| #endif
| #ifdef STDC_HEADERS
| # include <stdlib.h>
| # include <stddef.h>
| #else
| # ifdef HAVE_STDLIB_H
| #  include <stdlib.h>
| # endif
| #endif
| #ifdef HAVE_STRING_H
| # if !defined STDC_HEADERS && defined HAVE_MEMORY_H
| #  include <memory.h>
| # endif
| # include <string.h>
| #endif
| #ifdef HAVE_STRINGS_H
| # include <strings.h>
| #endif
| #ifdef HAVE_INTTYPES_H
| # include <inttypes.h>
| #endif
| #ifdef HAVE_STDINT_H
| # include <stdint.h>
| #endif
| #ifdef HAVE_UNISTD_H
| # include <unistd.h>
| #endif
| int
| main ()
| {
| #ifndef __ICC
|   (void) __ICC;
| #endif
| 
|   ;
|   return 0;
| }
configure:21432: result: no
configure:21469: checking for ISO C++ 98 include files
configure:21551: /usr/bin/g++-4.2 -c -std=gnu++98  conftest.cpp >&5
configure:21558: $? = 0
configure:21580: result: yes
configure:21619: checking memory usability
configure:21636: /usr/bin/g++-4.2 -c -std=gnu++98  conftest.cpp >&5
configure:21643: $? = 0
configure:21657: result: yes
configure:21661: checking memory presence
configure:21676: /usr/bin/g++-4.2 -E  conftest.cpp
configure:21683: $? = 0
configure:21697: result: yes
configure:21730: checking for memory
configure:21739: result: yes
configure:21619: checking tr1/memory usability
configure:21636: /usr/bin/g++-4.2 -c -std=gnu++98  conftest.cpp >&5
configure:21643: $? = 0
configure:21657: result: yes
configure:21661: checking tr1/memory presence
configure:21676: /usr/bin/g++-4.2 -E  conftest.cpp
configure:21683: $? = 0
configure:21697: result: yes
configure:21730: checking for tr1/memory
configure:21739: result: yes
configure:21619: checking boost/shared_ptr.hpp usability
configure:21636: /usr/bin/g++-4.2 -c -std=gnu++98  conftest.cpp >&5
conftest.cpp:66:32: error: boost/shared_ptr.hpp: No such file or directory
configure:21643: $? = 1
configure: failed program was:
| /* confdefs.h.  */
| #define PACKAGE_NAME "libmemcached"
| #define PACKAGE_TARNAME "libmemcached"
| #define PACKAGE_VERSION "0.31"
| #define PACKAGE_STRING "libmemcached 0.31"
| #define PACKAGE_BUGREPORT "http://tangent.org/552/libmemcached.html"
| #define STDC_HEADERS 1
| #define HAVE_SYS_TYPES_H 1
| #define HAVE_SYS_STAT_H 1
| #define HAVE_STDLIB_H 1
| #define HAVE_STRING_H 1
| #define HAVE_MEMORY_H 1
| #define HAVE_STRINGS_H 1
| #define HAVE_INTTYPES_H 1
| #define HAVE_STDINT_H 1
| #define HAVE_UNISTD_H 1
| #define __EXTENSIONS__ 1
| #define _ALL_SOURCE 1
| #define _GNU_SOURCE 1
| #define _POSIX_PTHREAD_SEMANTICS 1
| #define _TANDEM_SOURCE 1
| #define HAVE_DLFCN_H 1
| #define HAVE_STDLIB_H 1
| #define HAVE_MALLOC 1
| #define HAVE_STDLIB_H 1
| #define HAVE_REALLOC 1
| #define PACKAGE "libmemcached"
| #define VERSION "0.31"
| #define STDCXX_98_HEADERS /**/
| #define HAVE_MEMORY 1
| #define HAVE_TR1_MEMORY 1
| /* end confdefs.h.  */
| #include <stdio.h>
| #ifdef HAVE_SYS_TYPES_H
| # include <sys/types.h>
| #endif
| #ifdef HAVE_SYS_STAT_H
| # include <sys/stat.h>
| #endif
| #ifdef STDC_HEADERS
| # include <stdlib.h>
| # include <stddef.h>
| #else
| # ifdef HAVE_STDLIB_H
| #  include <stdlib.h>
| # endif
| #endif
| #ifdef HAVE_STRING_H
| # if !defined STDC_HEADERS && defined HAVE_MEMORY_H
| #  include <memory.h>
| # endif
| # include <string.h>
| #endif
| #ifdef HAVE_STRINGS_H
| # include <strings.h>
| #endif
| #ifdef HAVE_INTTYPES_H
| # include <inttypes.h>
| #endif
| #ifdef HAVE_STDINT_H
| # include <stdint.h>
| #endif
| #ifdef HAVE_UNISTD_H
| # include <unistd.h>
| #endif
| #include <boost/shared_ptr.hpp>
configure:21657: result: no
configure:21661: checking boost/shared_ptr.hpp presence
configure:21676: /usr/bin/g++-4.2 -E  conftest.cpp
conftest.cpp:33:32: error: boost/shared_ptr.hpp: No such file or directory
configure:21683: $? = 1
configure: failed program was:
| /* confdefs.h.  */
| #define PACKAGE_NAME "libmemcached"
| #define PACKAGE_TARNAME "libmemcached"
| #define PACKAGE_VERSION "0.31"
| #define PACKAGE_STRING "libmemcached 0.31"
| #define PACKAGE_BUGREPORT "http://tangent.org/552/libmemcached.html"
| #define STDC_HEADERS 1
| #define HAVE_SYS_TYPES_H 1
| #define HAVE_SYS_STAT_H 1
| #define HAVE_STDLIB_H 1
| #define HAVE_STRING_H 1
| #define HAVE_MEMORY_H 1
| #define HAVE_STRINGS_H 1
| #define HAVE_INTTYPES_H 1
| #define HAVE_STDINT_H 1
| #define HAVE_UNISTD_H 1
| #define __EXTENSIONS__ 1
| #define _ALL_SOURCE 1
| #define _GNU_SOURCE 1
| #define _POSIX_PTHREAD_SEMANTICS 1
| #define _TANDEM_SOURCE 1
| #define HAVE_DLFCN_H 1
| #define HAVE_STDLIB_H 1
| #define HAVE_MALLOC 1
| #define HAVE_STDLIB_H 1
| #define HAVE_REALLOC 1
| #define PACKAGE "libmemcached"
| #define VERSION "0.31"
| #define STDCXX_98_HEADERS /**/
| #define HAVE_MEMORY 1
| #define HAVE_TR1_MEMORY 1
| /* end confdefs.h.  */
| #include <boost/shared_ptr.hpp>
configure:21697: result: no
configure:21730: checking for boost/shared_ptr.hpp
configure:21739: result: no
configure:21753: checking the location of shared_ptr header file
configure:21798: /usr/bin/g++-4.2 -c -std=gnu++98  conftest.cpp >&5
conftest.cpp:45: error: 'std::shared_ptr' has not been declared
conftest.cpp: In function 'int main()':
conftest.cpp:52: error: 'shared_ptr' was not declared in this scope
conftest.cpp:52: error: expected primary-expression before '>' token
conftest.cpp:52: error: 'test_ptr' was not declared in this scope
configure:21805: $? = 1
configure: failed program was:
| /* confdefs.h.  */
| #define PACKAGE_NAME "libmemcached"
| #define PACKAGE_TARNAME "libmemcached"
| #define PACKAGE_VERSION "0.31"
| #define PACKAGE_STRING "libmemcached 0.31"
| #define PACKAGE_BUGREPORT "http://tangent.org/552/libmemcached.html"
| #define STDC_HEADERS 1
| #define HAVE_SYS_TYPES_H 1
| #define HAVE_SYS_STAT_H 1
| #define HAVE_STDLIB_H 1
| #define HAVE_STRING_H 1
| #define HAVE_MEMORY_H 1
| #define HAVE_STRINGS_H 1
| #define HAVE_INTTYPES_H 1
| #define HAVE_STDINT_H 1
| #define HAVE_UNISTD_H 1
| #define __EXTENSIONS__ 1
| #define _ALL_SOURCE 1
| #define _GNU_SOURCE 1
| #define _POSIX_PTHREAD_SEMANTICS 1
| #define _TANDEM_SOURCE 1
| #define HAVE_DLFCN_H 1
| #define HAVE_STDLIB_H 1
| #define HAVE_MALLOC 1
| #define HAVE_STDLIB_H 1
| #define HAVE_REALLOC 1
| #define PACKAGE "libmemcached"
| #define VERSION "0.31"
| #define STDCXX_98_HEADERS /**/
| #define HAVE_MEMORY 1
| #define HAVE_TR1_MEMORY 1
| /* end confdefs.h.  */
| 
| #if defined(HAVE_MEMORY)
| # include <memory>
| #endif
| #if defined(HAVE_TR1_MEMORY)
| # include <tr1/memory>
| #endif
| #if defined(HAVE_BOOST_SHARED_PTR_HPP)
| # include <boost/shared_ptr.hpp>
| #endif
| #include <string>
| 
| using std::shared_ptr;
| using namespace std;
| 
| int
| main ()
| {
| 
| shared_ptr<string> test_ptr(new string("test string"));
| 
|   ;
|   return 0;
| }
configure:21798: /usr/bin/g++-4.2 -c -std=gnu++98  conftest.cpp >&5
conftest.cpp:45: error: 'tr1' has not been declared
conftest.cpp: In function 'int main()':
conftest.cpp:52: error: 'shared_ptr' was not declared in this scope
conftest.cpp:52: error: expected primary-expression before '>' token
conftest.cpp:52: error: 'test_ptr' was not declared in this scope
configure:21805: $? = 1
configure: failed program was:
| /* confdefs.h.  */
| #define PACKAGE_NAME "libmemcached"
| #define PACKAGE_TARNAME "libmemcached"
| #define PACKAGE_VERSION "0.31"
| #define PACKAGE_STRING "libmemcached 0.31"
| #define PACKAGE_BUGREPORT "http://tangent.org/552/libmemcached.html"
| #define STDC_HEADERS 1
| #define HAVE_SYS_TYPES_H 1
| #define HAVE_SYS_STAT_H 1
| #define HAVE_STDLIB_H 1
| #define HAVE_STRING_H 1
| #define HAVE_MEMORY_H 1
| #define HAVE_STRINGS_H 1
| #define HAVE_INTTYPES_H 1
| #define HAVE_STDINT_H 1
| #define HAVE_UNISTD_H 1
| #define __EXTENSIONS__ 1
| #define _ALL_SOURCE 1
| #define _GNU_SOURCE 1
| #define _POSIX_PTHREAD_SEMANTICS 1
| #define _TANDEM_SOURCE 1
| #define HAVE_DLFCN_H 1
| #define HAVE_STDLIB_H 1
| #define HAVE_MALLOC 1
| #define HAVE_STDLIB_H 1
| #define HAVE_REALLOC 1
| #define PACKAGE "libmemcached"
| #define VERSION "0.31"
| #define STDCXX_98_HEADERS /**/
| #define HAVE_MEMORY 1
| #define HAVE_TR1_MEMORY 1
| /* end confdefs.h.  */
| 
| #if defined(HAVE_MEMORY)
| # include <memory>
| #endif
| #if defined(HAVE_TR1_MEMORY)
| # include <tr1/memory>
| #endif
| #if defined(HAVE_BOOST_SHARED_PTR_HPP)
| # include <boost/shared_ptr.hpp>
| #endif
| #include <string>
| 
| using tr1::shared_ptr;
| using namespace std;
| 
| int
| main ()
| {
| 
| shared_ptr<string> test_ptr(new string("test string"));
| 
|   ;
|   return 0;
| }
configure:21798: /usr/bin/g++-4.2 -c -std=gnu++98  conftest.cpp >&5
configure:21805: $? = 0
configure:21825: result: 
configure:21852: checking whether byte ordering is bigendian
configure:21877: /usr/bin/gcc-4.2 -c   conftest.c >&5
configure:21884: $? = 0
configure:22226: result: universal
configure:22246: checking for an ANSI C-conforming const
configure:22321: /usr/bin/gcc-4.2 -c   conftest.c >&5
configure:22328: $? = 0
configure:22343: result: yes
configure:22353: checking for inline
configure:22379: /usr/bin/gcc-4.2 -c   conftest.c >&5
configure:22386: $? = 0
configure:22404: result: inline
configure:22423: checking for working volatile
configure:22452: /usr/bin/gcc-4.2 -c   conftest.c >&5
configure:22459: $? = 0
configure:22474: result: yes
configure:22484: checking for C/C++ restrict keyword
configure:22519: /usr/bin/gcc-4.2 -c   conftest.c >&5
configure:22526: $? = 0
configure:22544: result: __restrict
configure:22561: checking whether time.h and sys/time.h may both be included
configure:22591: /usr/bin/gcc-4.2 -c   conftest.c >&5
configure:22598: $? = 0
configure:22613: result: yes
configure:22623: checking for size_t
configure:22651: /usr/bin/gcc-4.2 -c   conftest.c >&5
configure:22658: $? = 0
configure:22685: /usr/bin/gcc-4.2 -c   conftest.c >&5
conftest.c: In function 'main':
conftest.c:72: error: expected expression before ')' token
configure:22692: $? = 1
configure: failed program was:
| /* confdefs.h.  */
| #define PACKAGE_NAME "libmemcached"
| #define PACKAGE_TARNAME "libmemcached"
| #define PACKAGE_VERSION "0.31"
| #define PACKAGE_STRING "libmemcached 0.31"
| #define PACKAGE_BUGREPORT "http://tangent.org/552/libmemcached.html"
| #define STDC_HEADERS 1
| #define HAVE_SYS_TYPES_H 1
| #define HAVE_SYS_STAT_H 1
| #define HAVE_STDLIB_H 1
| #define HAVE_STRING_H 1
| #define HAVE_MEMORY_H 1
| #define HAVE_STRINGS_H 1
| #define HAVE_INTTYPES_H 1
| #define HAVE_STDINT_H 1
| #define HAVE_UNISTD_H 1
| #define __EXTENSIONS__ 1
| #define _ALL_SOURCE 1
| #define _GNU_SOURCE 1
| #define _POSIX_PTHREAD_SEMANTICS 1
| #define _TANDEM_SOURCE 1
| #define HAVE_DLFCN_H 1
| #define HAVE_STDLIB_H 1
| #define HAVE_MALLOC 1
| #define HAVE_STDLIB_H 1
| #define HAVE_REALLOC 1
| #define PACKAGE "libmemcached"
| #define VERSION "0.31"
| #define STDCXX_98_HEADERS /**/
| #define HAVE_MEMORY 1
| #define HAVE_TR1_MEMORY 1
| #define SHARED_PTR_NAMESPACE std::tr1
| #define restrict __restrict
| #define TIME_WITH_SYS_TIME 1
| /* end confdefs.h.  */
| #include <stdio.h>
| #ifdef HAVE_SYS_TYPES_H
| # include <sys/types.h>
| #endif
| #ifdef HAVE_SYS_STAT_H
| # include <sys/stat.h>
| #endif
| #ifdef STDC_HEADERS
| # include <stdlib.h>
| # include <stddef.h>
| #else
| # ifdef HAVE_STDLIB_H
| #  include <stdlib.h>
| # endif
| #endif
| #ifdef HAVE_STRING_H
| # if !defined STDC_HEADERS && defined HAVE_MEMORY_H
| #  include <memory.h>
| # endif
| # include <string.h>
| #endif
| #ifdef HAVE_STRINGS_H
| # include <strings.h>
| #endif
| #ifdef HAVE_INTTYPES_H
| # include <inttypes.h>
| #endif
| #ifdef HAVE_STDINT_H
| # include <stdint.h>
| #endif
| #ifdef HAVE_UNISTD_H
| # include <unistd.h>
| #endif
| int
| main ()
| {
| if (sizeof ((size_t)))
| 	  return 0;
|   ;
|   return 0;
| }
configure:22715: result: yes
configure:22734: checking for special C compiler options needed for large files
configure:22829: result: no
configure:22835: checking for _FILE_OFFSET_BITS value needed for large files
configure:22870: /usr/bin/gcc-4.2 -c   conftest.c >&5
configure:22877: $? = 0
configure:22946: result: no
configure:23087: checking "C Compiler version--yes"
configure:23107: result: "i686-apple-darwin9-gcc-4.2.1 (GCC) 4.2.1 (Apple Inc. build 5566)"
configure:23112: checking "C++ Compiler version"
configure:23132: result: "i686-apple-darwin9-g++-4.2.1 (GCC) 4.2.1 (Apple Inc. build 5566)"
configure:23230: checking for isainfo
configure:23260: result: no
configure:23329: checking for simple visibility declarations
configure:23361: /usr/bin/gcc-4.2 -std=gnu99 -c  -Werror -fvisibility=hidden  conftest.c >&5
configure:23368: $? = 0
configure:23385: result: yes
configure:23403: checking whether to enable assertions
configure:23412: result: yes
configure:23432: checking assert.h usability
configure:23449: /usr/bin/gcc-4.2 -std=gnu99 -c   conftest.c >&5
configure:23456: $? = 0
configure:23470: result: yes
configure:23474: checking assert.h presence
configure:23489: /usr/bin/gcc-4.2 -E  conftest.c
configure:23496: $? = 0
configure:23510: result: yes
configure:23543: checking for assert.h
configure:23552: result: yes
configure:23711: checking whether it is safe to use -fdiagnostics-show-option
configure:23739: /usr/bin/gcc-4.2 -std=gnu99 -c -fdiagnostics-show-option  -O3   conftest.c >&5
configure:23746: $? = 0
configure:23762: result: yes
configure:23772: checking whether it is safe to use -Wconversion
configure:23808: /usr/bin/gcc-4.2 -std=gnu99 -c -Wconversion -Werror -pedantic  -O3   conftest.c >&5
cc1: warnings being treated as errors
conftest.c: In function 'main':
conftest.c:49: warning: passing argument 1 of 'foo' with different width due to prototype
configure:23815: $? = 1
configure: failed program was:
| /* confdefs.h.  */
| #define PACKAGE_NAME "libmemcached"
| #define PACKAGE_TARNAME "libmemcached"
| #define PACKAGE_VERSION "0.31"
| #define PACKAGE_STRING "libmemcached 0.31"
| #define PACKAGE_BUGREPORT "http://tangent.org/552/libmemcached.html"
| #define STDC_HEADERS 1
| #define HAVE_SYS_TYPES_H 1
| #define HAVE_SYS_STAT_H 1
| #define HAVE_STDLIB_H 1
| #define HAVE_STRING_H 1
| #define HAVE_MEMORY_H 1
| #define HAVE_STRINGS_H 1
| #define HAVE_INTTYPES_H 1
| #define HAVE_STDINT_H 1
| #define HAVE_UNISTD_H 1
| #define __EXTENSIONS__ 1
| #define _ALL_SOURCE 1
| #define _GNU_SOURCE 1
| #define _POSIX_PTHREAD_SEMANTICS 1
| #define _TANDEM_SOURCE 1
| #define HAVE_DLFCN_H 1
| #define HAVE_STDLIB_H 1
| #define HAVE_MALLOC 1
| #define HAVE_STDLIB_H 1
| #define HAVE_REALLOC 1
| #define PACKAGE "libmemcached"
| #define VERSION "0.31"
| #define STDCXX_98_HEADERS /**/
| #define HAVE_MEMORY 1
| #define HAVE_TR1_MEMORY 1
| #define SHARED_PTR_NAMESPACE std::tr1
| #define restrict __restrict
| #define TIME_WITH_SYS_TIME 1
| #define HAVE_VISIBILITY 1
| #define HAVE_ASSERT_H 1
| /* end confdefs.h.  */
| 
| #include <stdbool.h>
| void foo(bool a)
| {
|   (void)a;
| }
| 
| int
| main ()
| {
| 
| foo(0);
| 
|   ;
|   return 0;
| }
configure:23831: result: no
configure:23930: checking whether it is safe to use -Wmissing-declarations from C++
configure:23968: /usr/bin/g++-4.2 -c -Werror -pedantic -Wmissing-declarations  -O3  conftest.cpp >&5
cc1plus: warnings being treated as errors
cc1plus: warning: command line option "-Wmissing-declarations" is valid for C/ObjC but not for C++
configure:23975: $? = 1
configure: failed program was:
| 
|            /* confdefs.h.  */
| #define PACKAGE_NAME "libmemcached"
| #define PACKAGE_TARNAME "libmemcached"
| #define PACKAGE_VERSION "0.31"
| #define PACKAGE_STRING "libmemcached 0.31"
| #define PACKAGE_BUGREPORT "http://tangent.org/552/libmemcached.html"
| #define STDC_HEADERS 1
| #define HAVE_SYS_TYPES_H 1
| #define HAVE_SYS_STAT_H 1
| #define HAVE_STDLIB_H 1
| #define HAVE_STRING_H 1
| #define HAVE_MEMORY_H 1
| #define HAVE_STRINGS_H 1
| #define HAVE_INTTYPES_H 1
| #define HAVE_STDINT_H 1
| #define HAVE_UNISTD_H 1
| #define __EXTENSIONS__ 1
| #define _ALL_SOURCE 1
| #define _GNU_SOURCE 1
| #define _POSIX_PTHREAD_SEMANTICS 1
| #define _TANDEM_SOURCE 1
| #define HAVE_DLFCN_H 1
| #define HAVE_STDLIB_H 1
| #define HAVE_MALLOC 1
| #define HAVE_STDLIB_H 1
| #define HAVE_REALLOC 1
| #define PACKAGE "libmemcached"
| #define VERSION "0.31"
| #define STDCXX_98_HEADERS /**/
| #define HAVE_MEMORY 1
| #define HAVE_TR1_MEMORY 1
| #define SHARED_PTR_NAMESPACE std::tr1
| #define restrict __restrict
| #define TIME_WITH_SYS_TIME 1
| #define HAVE_VISIBILITY 1
| #define HAVE_ASSERT_H 1
| /* end confdefs.h.  */
| 
| #include <stdio.h>
| 
| int
| main ()
| {
| 
|   ;
|   return 0;
| }
| 
configure:23998: result: no
configure:24005: checking whether it is safe to use -Wlogical-op
configure:24037: /usr/bin/gcc-4.2 -std=gnu99 -c -Werror -pedantic -Wlogical-op  -O3   conftest.c >&5
cc1: error: unrecognized command line option "-Wlogical-op"
configure:24044: $? = 1
configure: failed program was:
| 
|            /* confdefs.h.  */
| #define PACKAGE_NAME "libmemcached"
| #define PACKAGE_TARNAME "libmemcached"
| #define PACKAGE_VERSION "0.31"
| #define PACKAGE_STRING "libmemcached 0.31"
| #define PACKAGE_BUGREPORT "http://tangent.org/552/libmemcached.html"
| #define STDC_HEADERS 1
| #define HAVE_SYS_TYPES_H 1
| #define HAVE_SYS_STAT_H 1
| #define HAVE_STDLIB_H 1
| #define HAVE_STRING_H 1
| #define HAVE_MEMORY_H 1
| #define HAVE_STRINGS_H 1
| #define HAVE_INTTYPES_H 1
| #define HAVE_STDINT_H 1
| #define HAVE_UNISTD_H 1
| #define __EXTENSIONS__ 1
| #define _ALL_SOURCE 1
| #define _GNU_SOURCE 1
| #define _POSIX_PTHREAD_SEMANTICS 1
| #define _TANDEM_SOURCE 1
| #define HAVE_DLFCN_H 1
| #define HAVE_STDLIB_H 1
| #define HAVE_MALLOC 1
| #define HAVE_STDLIB_H 1
| #define HAVE_REALLOC 1
| #define PACKAGE "libmemcached"
| #define VERSION "0.31"
| #define STDCXX_98_HEADERS /**/
| #define HAVE_MEMORY 1
| #define HAVE_TR1_MEMORY 1
| #define SHARED_PTR_NAMESPACE std::tr1
| #define restrict __restrict
| #define TIME_WITH_SYS_TIME 1
| #define HAVE_VISIBILITY 1
| #define HAVE_ASSERT_H 1
| /* end confdefs.h.  */
| 
| #include <stdio.h>
| 
| int
| main ()
| {
| 
|   ;
|   return 0;
| }
| 
configure:24060: result: no
configure:24067: checking whether it is safe to use -Wredundant-decls from C++
configure:24105: /usr/bin/g++-4.2 -c -Werror -pedantic -Wredundant-decls  -O3  conftest.cpp >&5
cc1plus: warnings being treated as errors
conftest.cpp:41: warning: redundant redeclaration of 'void C<E>::foo() [with E = int]' in same scope
conftest.cpp:40: warning: previous declaration of 'void C<E>::foo() [with E = int]'
configure:24112: $? = 1
configure: failed program was:
| /* confdefs.h.  */
| #define PACKAGE_NAME "libmemcached"
| #define PACKAGE_TARNAME "libmemcached"
| #define PACKAGE_VERSION "0.31"
| #define PACKAGE_STRING "libmemcached 0.31"
| #define PACKAGE_BUGREPORT "http://tangent.org/552/libmemcached.html"
| #define STDC_HEADERS 1
| #define HAVE_SYS_TYPES_H 1
| #define HAVE_SYS_STAT_H 1
| #define HAVE_STDLIB_H 1
| #define HAVE_STRING_H 1
| #define HAVE_MEMORY_H 1
| #define HAVE_STRINGS_H 1
| #define HAVE_INTTYPES_H 1
| #define HAVE_STDINT_H 1
| #define HAVE_UNISTD_H 1
| #define __EXTENSIONS__ 1
| #define _ALL_SOURCE 1
| #define _GNU_SOURCE 1
| #define _POSIX_PTHREAD_SEMANTICS 1
| #define _TANDEM_SOURCE 1
| #define HAVE_DLFCN_H 1
| #define HAVE_STDLIB_H 1
| #define HAVE_MALLOC 1
| #define HAVE_STDLIB_H 1
| #define HAVE_REALLOC 1
| #define PACKAGE "libmemcached"
| #define VERSION "0.31"
| #define STDCXX_98_HEADERS /**/
| #define HAVE_MEMORY 1
| #define HAVE_TR1_MEMORY 1
| #define SHARED_PTR_NAMESPACE std::tr1
| #define restrict __restrict
| #define TIME_WITH_SYS_TIME 1
| #define HAVE_VISIBILITY 1
| #define HAVE_ASSERT_H 1
| /* end confdefs.h.  */
| 
| template <typename E> struct C { void foo(); };
| template <typename E> void C<E>::foo() { }
| template <> void C<int>::foo();
|             #include <stdio.h>
| #ifdef HAVE_SYS_TYPES_H
| # include <sys/types.h>
| #endif
| #ifdef HAVE_SYS_STAT_H
| # include <sys/stat.h>
| #endif
| #ifdef STDC_HEADERS
| # include <stdlib.h>
| # include <stddef.h>
| #else
| # ifdef HAVE_STDLIB_H
| #  include <stdlib.h>
| # endif
| #endif
| #ifdef HAVE_STRING_H
| # if !defined STDC_HEADERS && defined HAVE_MEMORY_H
| #  include <memory.h>
| # endif
| # include <string.h>
| #endif
| #ifdef HAVE_STRINGS_H
| # include <strings.h>
| #endif
| #ifdef HAVE_INTTYPES_H
| # include <inttypes.h>
| #endif
| #ifdef HAVE_STDINT_H
| # include <stdint.h>
| #endif
| #ifdef HAVE_UNISTD_H
| # include <unistd.h>
| #endif
| int
| main ()
| {
| 
|   ;
|   return 0;
| }
configure:24134: result: no
configure:24835: checking for doxygen
configure:24865: result: no
configure:24877: checking for perl
configure:24893: found /opt/local/bin/perl
configure:24904: result: perl
configure:25168: checking for the pthreads library -lpthreads
configure:25211: /usr/bin/gcc-4.2 -std=gnu99 -o conftest   -I/opt/local/include -L/opt/local/lib conftest.c -lpthreads  >&5
ld: library not found for -lpthreads
collect2: ld returned 1 exit status
configure:25218: $? = 1
configure: failed program was:
| /* confdefs.h.  */
| #define PACKAGE_NAME "libmemcached"
| #define PACKAGE_TARNAME "libmemcached"
| #define PACKAGE_VERSION "0.31"
| #define PACKAGE_STRING "libmemcached 0.31"
| #define PACKAGE_BUGREPORT "http://tangent.org/552/libmemcached.html"
| #define STDC_HEADERS 1
| #define HAVE_SYS_TYPES_H 1
| #define HAVE_SYS_STAT_H 1
| #define HAVE_STDLIB_H 1
| #define HAVE_STRING_H 1
| #define HAVE_MEMORY_H 1
| #define HAVE_STRINGS_H 1
| #define HAVE_INTTYPES_H 1
| #define HAVE_STDINT_H 1
| #define HAVE_UNISTD_H 1
| #define __EXTENSIONS__ 1
| #define _ALL_SOURCE 1
| #define _GNU_SOURCE 1
| #define _POSIX_PTHREAD_SEMANTICS 1
| #define _TANDEM_SOURCE 1
| #define HAVE_DLFCN_H 1
| #define HAVE_STDLIB_H 1
| #define HAVE_MALLOC 1
| #define HAVE_STDLIB_H 1
| #define HAVE_REALLOC 1
| #define PACKAGE "libmemcached"
| #define VERSION "0.31"
| #define STDCXX_98_HEADERS /**/
| #define HAVE_MEMORY 1
| #define HAVE_TR1_MEMORY 1
| #define SHARED_PTR_NAMESPACE std::tr1
| #define restrict __restrict
| #define TIME_WITH_SYS_TIME 1
| #define HAVE_VISIBILITY 1
| #define HAVE_ASSERT_H 1
| /* end confdefs.h.  */
| #include <pthread.h>
| int
| main ()
| {
| pthread_t th; pthread_join(th, 0);
|                      pthread_attr_init(0); pthread_cleanup_push(0, 0);
|                      pthread_create(0,0,0,0); pthread_cleanup_pop(0);
|   ;
|   return 0;
| }
configure:25241: result: no
configure:25113: checking whether pthreads work without any flags
configure:25211: /usr/bin/gcc-4.2 -std=gnu99 -o conftest   -I/opt/local/include -L/opt/local/lib conftest.c   >&5
configure:25218: $? = 0
configure:25241: result: yes
configure:25260: checking for joinable pthread attribute
configure:25285: /usr/bin/gcc-4.2 -std=gnu99 -o conftest   -I/opt/local/include -L/opt/local/lib conftest.c   >&5
configure:25292: $? = 0
configure:25312: result: PTHREAD_CREATE_JOINABLE
configure:25322: checking if more special flags are required for pthreads
configure:25329: result: -D_THREAD_SAFE
configure:25420: checking for library containing getopt_long
configure:25461: /usr/bin/gcc-4.2 -std=gnu99 -o conftest -D_THREAD_SAFE   -I/opt/local/include -L/opt/local/lib conftest.c   >&5
configure:25468: $? = 0
configure:25499: result: none required
configure:25507: checking for library containing socket
configure:25548: /usr/bin/gcc-4.2 -std=gnu99 -o conftest -D_THREAD_SAFE   -I/opt/local/include -L/opt/local/lib conftest.c   >&5
configure:25555: $? = 0
configure:25586: result: none required
configure:25594: checking for library containing gethostbyname
configure:25635: /usr/bin/gcc-4.2 -std=gnu99 -o conftest -D_THREAD_SAFE   -I/opt/local/include -L/opt/local/lib conftest.c   >&5
configure:25642: $? = 0
configure:25673: result: none required
configure:25709: /usr/bin/gcc-4.2 -std=gnu99 -o conftest -D_THREAD_SAFE   -I/opt/local/include -L/opt/local/lib conftest.c   -lm >&5
conftest.c: In function 'main':
conftest.c:46: warning: implicit declaration of function 'floorf'
conftest.c:46: warning: incompatible implicit declaration of built-in function 'floorf'
configure:25716: $? = 0
configure:25739: checking for library containing floorf
configure:25780: /usr/bin/gcc-4.2 -std=gnu99 -o conftest -D_THREAD_SAFE   -I/opt/local/include -L/opt/local/lib conftest.c   >&5
conftest.c:46: warning: conflicting types for built-in function 'floorf'
configure:25787: $? = 0
configure:25818: result: none required
configure:25828: checking for htonll
configure:25867: /usr/bin/gcc-4.2 -std=gnu99 -o conftest -D_THREAD_SAFE   -I/opt/local/include -L/opt/local/lib conftest.c   >&5
conftest.c: In function 'main':
conftest.c:49: warning: implicit declaration of function 'htonll'
Undefined symbols:
  "_htonll", referenced from:
      _main in cclxYTcX.o
ld: symbol(s) not found
collect2: ld returned 1 exit status
configure:25871: $? = 1
configure: program exited with status 1
configure: failed program was:
| 
|        /* confdefs.h.  */
| #define PACKAGE_NAME "libmemcached"
| #define PACKAGE_TARNAME "libmemcached"
| #define PACKAGE_VERSION "0.31"
| #define PACKAGE_STRING "libmemcached 0.31"
| #define PACKAGE_BUGREPORT "http://tangent.org/552/libmemcached.html"
| #define STDC_HEADERS 1
| #define HAVE_SYS_TYPES_H 1
| #define HAVE_SYS_STAT_H 1
| #define HAVE_STDLIB_H 1
| #define HAVE_STRING_H 1
| #define HAVE_MEMORY_H 1
| #define HAVE_STRINGS_H 1
| #define HAVE_INTTYPES_H 1
| #define HAVE_STDINT_H 1
| #define HAVE_UNISTD_H 1
| #define __EXTENSIONS__ 1
| #define _ALL_SOURCE 1
| #define _GNU_SOURCE 1
| #define _POSIX_PTHREAD_SEMANTICS 1
| #define _TANDEM_SOURCE 1
| #define HAVE_DLFCN_H 1
| #define HAVE_STDLIB_H 1
| #define HAVE_MALLOC 1
| #define HAVE_STDLIB_H 1
| #define HAVE_REALLOC 1
| #define PACKAGE "libmemcached"
| #define VERSION "0.31"
| #define STDCXX_98_HEADERS /**/
| #define HAVE_MEMORY 1
| #define HAVE_TR1_MEMORY 1
| #define SHARED_PTR_NAMESPACE std::tr1
| #define restrict __restrict
| #define TIME_WITH_SYS_TIME 1
| #define HAVE_VISIBILITY 1
| #define HAVE_ASSERT_H 1
| #define HAVE_PTHREAD 1
| /* end confdefs.h.  */
| 
| #include <sys/types.h>
| #include <netinet/in.h>
| #include <inttypes.h>
| 
| int
| main ()
| {
| 
|           return htonll(0);
| 
|   ;
|   return 0;
| }
| 
configure:25903: result: no
configure:25913: checking byteorder
configure:25954: /usr/bin/gcc-4.2 -std=gnu99 -o conftest -D_THREAD_SAFE   -I/opt/local/include -L/opt/local/lib conftest.c   >&5
configure:25958: $? = 0
configure:25964: ./conftest
configure:25968: $? = 1
configure: program exited with status 1
configure: failed program was:
| 
|        /* confdefs.h.  */
| #define PACKAGE_NAME "libmemcached"
| #define PACKAGE_TARNAME "libmemcached"
| #define PACKAGE_VERSION "0.31"
| #define PACKAGE_STRING "libmemcached 0.31"
| #define PACKAGE_BUGREPORT "http://tangent.org/552/libmemcached.html"
| #define STDC_HEADERS 1
| #define HAVE_SYS_TYPES_H 1
| #define HAVE_SYS_STAT_H 1
| #define HAVE_STDLIB_H 1
| #define HAVE_STRING_H 1
| #define HAVE_MEMORY_H 1
| #define HAVE_STRINGS_H 1
| #define HAVE_INTTYPES_H 1
| #define HAVE_STDINT_H 1
| #define HAVE_UNISTD_H 1
| #define __EXTENSIONS__ 1
| #define _ALL_SOURCE 1
| #define _GNU_SOURCE 1
| #define _POSIX_PTHREAD_SEMANTICS 1
| #define _TANDEM_SOURCE 1
| #define HAVE_DLFCN_H 1
| #define HAVE_STDLIB_H 1
| #define HAVE_MALLOC 1
| #define HAVE_STDLIB_H 1
| #define HAVE_REALLOC 1
| #define PACKAGE "libmemcached"
| #define VERSION "0.31"
| #define STDCXX_98_HEADERS /**/
| #define HAVE_MEMORY 1
| #define HAVE_TR1_MEMORY 1
| #define SHARED_PTR_NAMESPACE std::tr1
| #define restrict __restrict
| #define TIME_WITH_SYS_TIME 1
| #define HAVE_VISIBILITY 1
| #define HAVE_ASSERT_H 1
| #define HAVE_PTHREAD 1
| /* end confdefs.h.  */
| 
| #include <sys/types.h>
| #include <netinet/in.h>
| #include <inttypes.h>
| 
| int
| main ()
| {
| 
| if (htonl(5) != 5) {
|    return 1;
| }
| 
|   ;
|   return 0;
| }
| 
configure:25986: result: little endian
configure:26088: /usr/bin/gcc-4.2 -std=gnu99 -o conftest -D_THREAD_SAFE   -I/opt/local/include -L/opt/local/lib conftest.c   >&5
configure:26092: $? = 0
configure:26098: ./conftest
configure:26102: $? = 0
configure:26170: /usr/bin/gcc-4.2 -std=gnu99 -o conftest -D_THREAD_SAFE   -I/opt/local/include -L/opt/local/lib conftest.c   >&5
configure:26174: $? = 0
configure:26180: ./conftest
configure:26184: $? = 0
configure:26239: checking for pod2man
configure:26258: found /opt/local/bin/pod2man
configure:26271: result: /opt/local/bin/pod2man
configure:26331: /usr/bin/gcc-4.2 -std=gnu99 -o conftest -D_THREAD_SAFE   -I. -I/opt/local/include -L/opt/local/lib conftest.c   >&5
configure:26335: $? = 0
configure:26341: ./conftest
configure:26345: $? = 0
configure:26398: checking for memcached
configure:26416: found /opt/local/bin/memcached
configure:26429: result: /opt/local/bin/memcached
configure:26633: creating ./config.status

## ---------------------- ##
## Running config.status. ##
## ---------------------- ##

This file was extended by libmemcached config.status 0.31, which was
generated by GNU Autoconf 2.62.  Invocation command line was

  CONFIG_FILES    = 
  CONFIG_HEADERS  = 
  CONFIG_LINKS    = 
  CONFIG_COMMANDS = 
  $ ./config.status 

on amber.local

config.status:876: creating Makefile
config.status:876: creating clients/Makefile
config.status:876: creating tests/Makefile
config.status:876: creating docs/Makefile
config.status:876: creating libmemcached/Makefile
config.status:876: creating libmemcached/memcached_configure.h
config.status:876: creating libmemcachedutil/Makefile
config.status:876: creating support/Makefile
config.status:876: creating support/libmemcached.pc
config.status:876: creating support/libmemcached.spec
config.status:876: creating support/libmemcached-fc.spec
config.status:876: creating config.h
config.status:1150: executing depfiles commands

## ---------------- ##
## Cache variables. ##
## ---------------- ##

ac_cv_assert=yes
ac_cv_build=i386-apple-darwin9.7.0
ac_cv_building_from_bzr=yes
ac_cv_building_from_hg=no
ac_cv_building_from_svn=no
ac_cv_building_from_vc=yes
ac_cv_c_bigendian=universal
ac_cv_c_compiler_gnu=yes
ac_cv_c_const=yes
ac_cv_c_inline=inline
ac_cv_c_restrict=__restrict
ac_cv_c_volatile=yes
ac_cv_cxx_compile_cxx0x_cxx=no
ac_cv_cxx_compile_cxx0x_gxx=no
ac_cv_cxx_compile_cxx0x_native=no
ac_cv_cxx_compiler_gnu=yes
ac_cv_cxx_stdcxx_98=yes
ac_cv_enable_dtrace=no
ac_cv_enable_hsieh_hash=no
ac_cv_env_CCC_set=
ac_cv_env_CCC_value=
ac_cv_env_CC_set=
ac_cv_env_CC_value=
ac_cv_env_CFLAGS_set=
ac_cv_env_CFLAGS_value=
ac_cv_env_CPPFLAGS_set=
ac_cv_env_CPPFLAGS_value=
ac_cv_env_CPP_set=
ac_cv_env_CPP_value=
ac_cv_env_CXXCPP_set=
ac_cv_env_CXXCPP_value=
ac_cv_env_CXXFLAGS_set=
ac_cv_env_CXXFLAGS_value=
ac_cv_env_CXX_set=
ac_cv_env_CXX_value=
ac_cv_env_F77_set=
ac_cv_env_F77_value=
ac_cv_env_FFLAGS_set=
ac_cv_env_FFLAGS_value=
ac_cv_env_LDFLAGS_set=
ac_cv_env_LDFLAGS_value=
ac_cv_env_LIBS_set=
ac_cv_env_LIBS_value=
ac_cv_env_build_alias_set=
ac_cv_env_build_alias_value=
ac_cv_env_host_alias_set=
ac_cv_env_host_alias_value=
ac_cv_env_target_alias_set=
ac_cv_env_target_alias_value=
ac_cv_f77_compiler_gnu=no
ac_cv_func_malloc_0_nonnull=yes
ac_cv_func_realloc_0_nonnull=yes
ac_cv_have_decl___ICC=no
ac_cv_have_decl___SUNPRO_C=no
ac_cv_header_assert_h=yes
ac_cv_header_boost_shared_ptr_hpp=no
ac_cv_header_dlfcn_h=yes
ac_cv_header_inttypes_h=yes
ac_cv_header_memory=yes
ac_cv_header_memory_h=yes
ac_cv_header_minix_config_h=no
ac_cv_header_stdc=yes
ac_cv_header_stdint_h=yes
ac_cv_header_stdlib_h=yes
ac_cv_header_string_h=yes
ac_cv_header_strings_h=yes
ac_cv_header_sys_stat_h=yes
ac_cv_header_sys_types_h=yes
ac_cv_header_time=yes
ac_cv_header_tr1_memory=yes
ac_cv_header_unistd_h=yes
ac_cv_host=i386-apple-darwin9.7.0
ac_cv_objext=o
ac_cv_path_EGREP='/usr/bin/grep -E'
ac_cv_path_GREP=/usr/bin/grep
ac_cv_path_MEMC_BINARY=/opt/local/bin/memcached
ac_cv_path_POD2MAN=/opt/local/bin/pod2man
ac_cv_path_install='/usr/bin/install -c'
ac_cv_prog_AWK=gawk
ac_cv_prog_CPP='/usr/bin/gcc-4.2 -E'
ac_cv_prog_CXXCPP='/usr/bin/g++-4.2 -E'
ac_cv_prog_PERL=perl
ac_cv_prog_ac_ct_AR=ar
ac_cv_prog_ac_ct_CC=gcc
ac_cv_prog_ac_ct_DSYMUTIL=dsymutil
ac_cv_prog_ac_ct_NMEDIT=nmedit
ac_cv_prog_ac_ct_RANLIB=ranlib
ac_cv_prog_ac_ct_STRIP=strip
ac_cv_prog_cc__usr_bin_gcc_4_2_c_o=yes
ac_cv_prog_cc_c89=
ac_cv_prog_cc_g=yes
ac_cv_prog_cxx_g=yes
ac_cv_prog_f77_g=no
ac_cv_prog_make_make_set=yes
ac_cv_safe_to_define___extensions__=yes
ac_cv_safe_to_use_Wlogical_op_=no
ac_cv_safe_to_use_Wmissing_declarations_=no
ac_cv_safe_to_use_Wredundant_decls_=no
ac_cv_safe_to_use_fdiagnostics_show_option_=yes
ac_cv_safe_to_use_wconversion_=no
ac_cv_search_floorf='none required'
ac_cv_search_gethostbyname='none required'
ac_cv_search_getopt_long='none required'
ac_cv_search_socket='none required'
ac_cv_shared_ptr_namespace=std::tr1
ac_cv_sys_file_offset_bits=no
ac_cv_sys_largefile_CC=no
ac_cv_target=i386-apple-darwin9.7.0
ac_cv_type_size_t=yes
ac_cv_warnings_as_errors=yes
ac_cv_with_memcached=memcached
am_cv_CC_dependencies_compiler_type=gcc3
am_cv_CXX_dependencies_compiler_type=gcc3
gl_cv_cc_visibility=yes
lt_cv_apple_cc_single_mod=yes
lt_cv_deplibs_check_method=pass_all
lt_cv_file_magic_cmd='$MAGIC_CMD'
lt_cv_file_magic_test_file=
lt_cv_ld_exported_symbols_list=yes
lt_cv_ld_reload_flag=-r
lt_cv_objdir=.libs
lt_cv_path_LD=/usr/libexec/gcc/i686-apple-darwin9/4.2.1/ld
lt_cv_path_LDCXX=
lt_cv_path_NM='/usr/bin/nm -p'
lt_cv_path_SED=/opt/local/bin/gsed
lt_cv_prog_compiler_c_o=yes
lt_cv_prog_compiler_c_o_CXX=yes
lt_cv_prog_compiler_pic_works=yes
lt_cv_prog_compiler_rtti_exceptions=no
lt_cv_prog_compiler_static_works=no
lt_cv_prog_compiler_static_works_CXX=yes
lt_cv_prog_gnu_ld=no
lt_cv_prog_gnu_ldcxx=
lt_cv_sys_global_symbol_pipe='sed -n -e '\''s/^.*[ 	]\([BCDEGRST][BCDEGRST]*\)[ 	][ 	]*_\([_A-Za-z][_A-Za-z0-9]*\)$/\1 _\2 \2/p'\'''
lt_cv_sys_global_symbol_to_c_name_address='sed -n -e '\''s/^: \([^ ]*\) $/  {\"\1\", (lt_ptr) 0},/p'\'' -e '\''s/^[BCDEGRST] \([^ ]*\) \([^ ]*\)$/  {"\2", (lt_ptr) \&\2},/p'\'''
lt_cv_sys_global_symbol_to_cdecl='sed -n -e '\''s/^. .* \(.*\)$/extern int \1;/p'\'''
lt_cv_sys_lib_dlsearch_path_spec='/usr/local/lib /lib /usr/lib'
lt_cv_sys_lib_search_path_spec='/usr/lib/i686-apple-darwin9/4.2.1 /usr/lib /opt/local/lib /usr/lib/gcc/i686-apple-darwin9/4.2.1 /usr/local/lib'
lt_cv_sys_max_cmd_len=196608
lt_lt_cv_prog_compiler_c_o='"yes"'
lt_lt_cv_prog_compiler_c_o_CXX='"yes"'
lt_lt_cv_sys_global_symbol_pipe='"sed -n -e '\''s/^.*[ 	]\\([BCDEGRST][BCDEGRST]*\\)[ 	][ 	]*_\\([_A-Za-z][_A-Za-z0-9]*\\)\$/\\1 _\\2 \\2/p'\''"'
lt_lt_cv_sys_global_symbol_to_c_name_address='"sed -n -e '\''s/^: \\([^ ]*\\) \$/  {\\\"\\1\\\", (lt_ptr) 0},/p'\'' -e '\''s/^[BCDEGRST] \\([^ ]*\\) \\([^ ]*\\)\$/  {\"\\2\", (lt_ptr) \\&\\2},/p'\''"'
lt_lt_cv_sys_global_symbol_to_cdecl='"sed -n -e '\''s/^. .* \\(.*\\)\$/extern int \\1;/p'\''"'

## ----------------- ##
## Output variables. ##
## ----------------- ##

ACLOCAL='${SHELL} /Users/eweaver/p/fauna/libmemcached/config/missing --run aclocal-1.10'
AMDEPBACKSLASH='\'
AMDEP_FALSE='#'
AMDEP_TRUE=''
AMTAR='${SHELL} /Users/eweaver/p/fauna/libmemcached/config/missing --run tar'
AM_CFLAGS=' -O3 -Werror -pedantic -Wall -Wextra -Wundef -Wshadow  -fdiagnostics-show-option -fvisibility=hidden -Wformat=2  -Wstrict-aliasing -Wstrict-prototypes -Wmissing-prototypes -Wredundant-decls -Wmissing-declarations -Wcast-align -Wswitch-default -Wswitch-enum -Wwrite-strings   '
AM_CPPFLAGS='-I${top_srcdir} -I${top_builddir} -ggdb3 '
AM_CXXFLAGS=' -O3 -Werror -pedantic -Wall -Wextra -Wundef -Wshadow  -fdiagnostics-show-option -fvisibility=hidden -Wformat=2  -Wstrict-aliasing -Woverloaded-virtual -Wnon-virtual-dtor -Wctor-dtor-privacy -Wno-long-long -Weffc++ -Wold-style-cast -Wno-redundant-decls   '
AR='ar'
AUTOCONF='${SHELL} /Users/eweaver/p/fauna/libmemcached/config/missing --run autoconf'
AUTOHEADER='${SHELL} /Users/eweaver/p/fauna/libmemcached/config/missing --run autoheader'
AUTOMAKE='${SHELL} /Users/eweaver/p/fauna/libmemcached/config/missing --run automake-1.10'
AWK='gawk'
BETTER_MALLOC_LIBS=''
BUILD_BYTEORDER_FALSE='#'
BUILD_BYTEORDER_TRUE=''
BUILD_LIBMEMCACHEDUTIL_FALSE='#'
BUILD_LIBMEMCACHEDUTIL_TRUE=''
CC='/usr/bin/gcc-4.2 -std=gnu99'
CCDEPMODE='depmode=gcc3'
CC_VERSION='i686-apple-darwin9-gcc-4.2.1 (GCC) 4.2.1 (Apple Inc. build 5566)'
CFLAGS='-D_THREAD_SAFE  '
CFLAG_VISIBILITY='-fvisibility=hidden'
CPP='/usr/bin/gcc-4.2 -E'
CPPFLAGS='-I/opt/local/include'
CXX='/usr/bin/g++-4.2'
CXXCPP='/usr/bin/g++-4.2 -E'
CXXDEPMODE='depmode=gcc3'
CXXFLAGS='-std=gnu++98'
CXX_VERSION='i686-apple-darwin9-g++-4.2.1 (GCC) 4.2.1 (Apple Inc. build 5566)'
CYGPATH_W='echo'
DEFS='-DHAVE_CONFIG_H'
DEPDIR='.deps'
DEPRECATED=''
DOXYGEN=''
DSYMUTIL='dsymutil'
DTRACE=''
DTRACEFLAGS=''
DTRACE_NEEDS_OBJECTS_FALSE=''
DTRACE_NEEDS_OBJECTS_TRUE='#'
ECHO='/bin/echo'
ECHO_C='\c'
ECHO_N=''
ECHO_T=''
EGREP='/usr/bin/grep -E'
EXEEXT=''
F77=''
FFLAGS=''
GREP='/usr/bin/grep'
HAVE_DTRACE_FALSE=''
HAVE_DTRACE_TRUE='#'
HAVE_VISIBILITY='1'
INCLUDE_HSIEH_SRC_FALSE=''
INCLUDE_HSIEH_SRC_TRUE='#'
INSTALL_DATA='${INSTALL} -m 644'
INSTALL_PROGRAM='${INSTALL}'
INSTALL_SCRIPT='${INSTALL}'
INSTALL_STRIP_PROGRAM='$(install_sh) -c -s'
ISAINFO='no'
LDFLAGS='-L/opt/local/lib'
LD_UTIL_VERSION_SCRIPT=''
LD_VERSION_SCRIPT=''
LIBC_P=''
LIBM=''
LIBOBJS=''
LIBS=' '
LIBTOOL='$(SHELL) $(top_builddir)/libtool'
LN_S='ln -s'
LTLIBOBJS=''
MAKEINFO='${SHELL} /Users/eweaver/p/fauna/libmemcached/config/missing --run makeinfo'
MEMCACHEDUTIL_LIBRARY_VERSION='0:0:0'
MEMCACHED_LIBRARY_VERSION='2:0:0'
MEMC_BINARY='/opt/local/bin/memcached'
MKDIR_P='config/install-sh -c -d'
NMEDIT='nmedit'
NO_CONVERSION=''
NO_REDUNDANT_DECLS='-Wno-redundant-decls'
NO_SHADOW='-Wno-shadow'
NO_STRICT_ALIASING='-fno-strict-aliasing -Wno-strict-aliasing'
NO_UNREACHED=''
OBJEXT='o'
PACKAGE='libmemcached'
PACKAGE_BUGREPORT='http://tangent.org/552/libmemcached.html'
PACKAGE_NAME='libmemcached'
PACKAGE_STRING='libmemcached 0.31'
PACKAGE_TARNAME='libmemcached'
PACKAGE_VERSION='0.31'
PATH_SEPARATOR=':'
PERL='perl'
POD2MAN='/opt/local/bin/pod2man'
PROTOSKIP_WARNINGS='-Wno-effc++ -Wno-shadow'
PTHREAD_CC='/usr/bin/gcc-4.2 -std=gnu99'
PTHREAD_CFLAGS='-D_THREAD_SAFE '
PTHREAD_LIBS=''
RANLIB='ranlib'
SED='/opt/local/bin/gsed'
SET_MAKE=''
SHELL='/bin/sh'
STRIP='strip'
VERSION='0.31'
ac_ct_CC='gcc'
ac_ct_CXX=''
ac_ct_F77=''
acx_pthread_config=''
am__fastdepCC_FALSE='#'
am__fastdepCC_TRUE=''
am__fastdepCXX_FALSE='#'
am__fastdepCXX_TRUE=''
am__include='include'
am__isrc=''
am__leading_dot='.'
am__quote=''
am__tar='${AMTAR} chof - "$$tardir"'
am__untar='${AMTAR} xf -'
bindir='${exec_prefix}/bin'
build='i386-apple-darwin9.7.0'
build_alias=''
build_cpu='i386'
build_os='darwin9.7.0'
build_vendor='apple'
datadir='${datarootdir}'
datarootdir='${prefix}/share'
docdir='${datarootdir}/doc/${PACKAGE_TARNAME}'
dvidir='${docdir}'
exec_prefix='${prefix}'
host='i386-apple-darwin9.7.0'
host_alias=''
host_cpu='i386'
host_os='darwin9.7.0'
host_vendor='apple'
htmldir='${docdir}'
includedir='${prefix}/include'
infodir='${datarootdir}/info'
install_sh='$(SHELL) /Users/eweaver/p/fauna/libmemcached/config/install-sh'
libdir='${exec_prefix}/lib'
libexecdir='${exec_prefix}/libexec'
localedir='${datarootdir}/locale'
localstatedir='${prefix}/var'
mandir='${datarootdir}/man'
mkdir_p='$(top_builddir)/config/install-sh -c -d'
oldincludedir='/usr/include'
pdfdir='${docdir}'
prefix='/opt/local'
program_transform_name='s,x,x,'
psdir='${docdir}'
sbindir='${exec_prefix}/sbin'
sharedstatedir='${prefix}/com'
sysconfdir='${prefix}/etc'
target='i386-apple-darwin9.7.0'
target_alias=''
target_cpu='i386'
target_os='darwin9.7.0'
target_vendor='apple'

## ----------- ##
## confdefs.h. ##
## ----------- ##

#define PACKAGE_NAME "libmemcached"
#define PACKAGE_TARNAME "libmemcached"
#define PACKAGE_VERSION "0.31"
#define PACKAGE_STRING "libmemcached 0.31"
#define PACKAGE_BUGREPORT "http://tangent.org/552/libmemcached.html"
#define STDC_HEADERS 1
#define HAVE_SYS_TYPES_H 1
#define HAVE_SYS_STAT_H 1
#define HAVE_STDLIB_H 1
#define HAVE_STRING_H 1
#define HAVE_MEMORY_H 1
#define HAVE_STRINGS_H 1
#define HAVE_INTTYPES_H 1
#define HAVE_STDINT_H 1
#define HAVE_UNISTD_H 1
#define __EXTENSIONS__ 1
#define _ALL_SOURCE 1
#define _GNU_SOURCE 1
#define _POSIX_PTHREAD_SEMANTICS 1
#define _TANDEM_SOURCE 1
#define HAVE_DLFCN_H 1
#define HAVE_STDLIB_H 1
#define HAVE_MALLOC 1
#define HAVE_STDLIB_H 1
#define HAVE_REALLOC 1
#define PACKAGE "libmemcached"
#define VERSION "0.31"
#define STDCXX_98_HEADERS /**/
#define HAVE_MEMORY 1
#define HAVE_TR1_MEMORY 1
#define SHARED_PTR_NAMESPACE std::tr1
#define restrict __restrict
#define TIME_WITH_SYS_TIME 1
#define HAVE_VISIBILITY 1
#define HAVE_ASSERT_H 1
#define HAVE_PTHREAD 1
#define BYTEORDER_LITTLE_ENDIAN 1
#define HAVE_LIBMEMCACHEDUTIL 1
#define HAVE_SNDTIMEO 1
#define HAVE_RCVTIMEO 1
#define MEMCACHED_BINARY "/opt/local/bin/memcached"

configure: exit 0
